<?xml version="1.0" encoding="UTF-8"?>
<!-- Generated by org.testng.reporters.JUnitReportReporter -->
<testsuite skipped="0" hostname="KITC21002" name="testNg.Test1" tests="1" failures="0" timestamp="06 Jul 2019 06:33:41 GMT" time="0.008" errors="0">
  <testcase name="test01" time="0.008" classname="testNg.Test1"/>
</testsuite> <!-- testNg.Test1 -->
