<?xml version="1.0" encoding="UTF-8"?>
<!-- Generated by org.testng.reporters.JUnitReportReporter -->
<testsuite skipped="0" hostname="KITC21002" name="testNg.Test2" tests="1" failures="0" timestamp="06 Jul 2019 06:02:46 GMT" time="0.000" errors="0">
  <testcase name="test001" time="0.000" classname="testNg.Test2"/>
</testsuite> <!-- testNg.Test2 -->
