<?xml version="1.0" encoding="UTF-8"?>
<!-- Generated by org.testng.reporters.JUnitReportReporter -->
<testsuite skipped="0" hostname="KITC21002" name="tests_pom.BasicNavigations" tests="1" failures="0" timestamp="07 Jul 2019 07:18:24 GMT" time="1.902" errors="0">
  <testcase name="verifyLogin" time="1.902" classname="tests_pom.BasicNavigations"/>
</testsuite> <!-- tests_pom.BasicNavigations -->
