<?xml version="1.0" encoding="UTF-8"?>
<!-- Generated by org.testng.reporters.JUnitReportReporter -->
<testsuite skipped="0" hostname="KITC21002" name="admin.Login" tests="2" failures="0" timestamp="06 Jul 2019 10:08:23 GMT" time="12.183" errors="0">
  <testcase name="searchFunctionality" time="2.253" classname="admin.Login"/>
  <testcase name="cartverification" time="9.930" classname="admin.Login"/>
</testsuite> <!-- admin.Login -->
