<?xml version="1.0" encoding="UTF-8"?>
<!-- Generated by org.testng.reporters.JUnitReportReporter -->
<testsuite skipped="0" hostname="KITC21002" name="admin.Login" tests="2" failures="0" timestamp="07 Jul 2019 11:45:22 GMT" time="8.169" errors="0">
  <testcase name="searchFunctionality" time="2.240" classname="admin.Login"/>
  <testcase name="cartverification" time="5.929" classname="admin.Login"/>
</testsuite> <!-- admin.Login -->
